Instance name,  X location,  Y location,  Voltage 
PHY_52, 5.4, 84.32, 1.8
PHY_54, 5.4, 84.32, 1.8
PHY_53, 140.4, 84.32, 1.8
PHY_55, 140.4, 84.32, 1.8
PHY_48, 5.4, 78.88, 1.8
PHY_50, 5.4, 78.88, 1.8
PHY_49, 140.4, 78.88, 1.8
PHY_51, 140.4, 78.88, 1.8
PHY_44, 5.4, 73.44, 1.8
PHY_46, 5.4, 73.44, 1.8
PHY_45, 140.4, 73.44, 1.8
PHY_47, 140.4, 73.44, 1.8
PHY_40, 5.4, 68, 1.8
PHY_42, 5.4, 68, 1.8
PHY_41, 140.4, 68, 1.8
PHY_43, 140.4, 68, 1.8
PHY_36, 5.4, 62.56, 1.8
PHY_38, 5.4, 62.56, 1.8
PHY_37, 140.4, 62.56, 1.8
PHY_39, 140.4, 62.56, 1.8
PHY_32, 5.4, 57.12, 1.8
PHY_34, 5.4, 57.12, 1.8
PHY_33, 140.4, 57.12, 1.8
PHY_35, 140.4, 57.12, 1.8
PHY_28, 5.4, 51.68, 1.8
PHY_30, 5.4, 51.68, 1.8
PHY_29, 140.4, 51.68, 1.8
PHY_31, 140.4, 51.68, 1.8
PHY_24, 5.4, 46.24, 1.8
PHY_26, 5.4, 46.24, 1.8
some_customcells.genblk1\[10\].name_of_cell, 5.4, 46.24, 1.8
some_customcells.genblk1\[11\].name_of_cell, 5.4, 46.24, 1.8
some_customcells.genblk1\[12\].name_of_cell, 5.4, 46.24, 1.8
some_customcells.genblk1\[13\].name_of_cell, 5.4, 46.24, 1.8
some_customcells.genblk1\[14\].name_of_cell, 5.4, 46.24, 1.8
some_customcells.genblk1\[15\].name_of_cell, 5.4, 46.24, 1.8
some_customcells.genblk1\[16\].name_of_cell, 5.4, 46.24, 1.8
some_customcells.genblk1\[17\].name_of_cell, 5.4, 46.24, 1.8
some_customcells.genblk1\[18\].name_of_cell, 5.4, 46.24, 1.8
some_customcells.genblk1\[19\].name_of_cell, 5.4, 46.24, 1.8
some_customcells.genblk1\[1\].name_of_cell, 5.4, 46.24, 1.8
some_customcells.genblk1\[20\].name_of_cell, 5.4, 46.24, 1.8
some_customcells.genblk1\[21\].name_of_cell, 5.4, 46.24, 1.8
some_customcells.genblk1\[22\].name_of_cell, 5.4, 46.24, 1.8
some_customcells.genblk1\[23\].name_of_cell, 5.4, 46.24, 1.8
some_customcells.genblk1\[24\].name_of_cell, 5.4, 46.24, 1.8
some_customcells.genblk1\[25\].name_of_cell, 5.4, 46.24, 1.8
some_customcells.genblk1\[26\].name_of_cell, 5.4, 46.24, 1.8
some_customcells.genblk1\[27\].name_of_cell, 5.4, 46.24, 1.8
some_customcells.genblk1\[28\].name_of_cell, 5.4, 46.24, 1.8
some_customcells.genblk1\[2\].name_of_cell, 5.4, 46.24, 1.8
some_customcells.genblk1\[3\].name_of_cell, 5.4, 46.24, 1.8
some_customcells.genblk1\[4\].name_of_cell, 5.4, 46.24, 1.8
some_customcells.genblk1\[5\].name_of_cell, 5.4, 46.24, 1.8
some_customcells.genblk1\[6\].name_of_cell, 5.4, 46.24, 1.8
some_customcells.genblk1\[7\].name_of_cell, 5.4, 46.24, 1.8
some_customcells.genblk1\[8\].name_of_cell, 5.4, 46.24, 1.8
some_customcells.genblk1\[9\].name_of_cell, 5.4, 46.24, 1.8
some_customcells.genblk1\[29\].name_of_cell, 10.8, 46.24, 1.8
some_customcells.genblk1\[30\].name_of_cell, 10.8, 46.24, 1.8
some_customcells.genblk1\[31\].name_of_cell, 10.8, 46.24, 1.8
some_customcells.genblk1\[32\].name_of_cell, 16.2, 46.24, 1.8
some_customcells.genblk1\[33\].name_of_cell, 16.2, 46.24, 1.8
some_customcells.genblk1\[34\].name_of_cell, 16.2, 46.24, 1.8
some_customcells.genblk1\[35\].name_of_cell, 21.6, 46.24, 1.8
some_customcells.genblk1\[36\].name_of_cell, 21.6, 46.24, 1.8
some_customcells.genblk1\[37\].name_of_cell, 21.6, 46.24, 1.8
some_customcells.genblk1\[38\].name_of_cell, 27, 46.24, 1.8
some_customcells.genblk1\[39\].name_of_cell, 27, 46.24, 1.8
some_customcells.genblk1\[40\].name_of_cell, 27, 46.24, 1.8
some_customcells.genblk1\[41\].name_of_cell, 32.4, 46.24, 1.8
some_customcells.genblk1\[42\].name_of_cell, 32.4, 46.24, 1.8
some_customcells.genblk1\[43\].name_of_cell, 37.8, 46.24, 1.8
some_customcells.genblk1\[44\].name_of_cell, 37.8, 46.24, 1.8
some_customcells.genblk1\[45\].name_of_cell, 37.8, 46.24, 1.8
some_customcells.genblk1\[46\].name_of_cell, 43.2, 46.24, 1.8
some_customcells.genblk1\[47\].name_of_cell, 43.2, 46.24, 1.8
some_customcells.genblk1\[48\].name_of_cell, 43.2, 46.24, 1.8
some_customcells.genblk1\[49\].name_of_cell, 48.6, 46.24, 1.8
some_customcells.genblk1\[50\].name_of_cell, 48.6, 46.24, 1.8
some_customcells.genblk1\[51\].name_of_cell, 48.6, 46.24, 1.8
some_customcells.genblk1\[52\].name_of_cell, 54, 46.24, 1.8
some_customcells.genblk1\[53\].name_of_cell, 54, 46.24, 1.8
some_customcells.genblk1\[54\].name_of_cell, 54, 46.24, 1.8
some_customcells.genblk1\[55\].name_of_cell, 59.4, 46.24, 1.8
some_customcells.genblk1\[56\].name_of_cell, 59.4, 46.24, 1.8
some_customcells.genblk1\[57\].name_of_cell, 59.4, 46.24, 1.8
some_customcells.genblk1\[58\].name_of_cell, 64.8, 46.24, 1.8
some_customcells.genblk1\[59\].name_of_cell, 64.8, 46.24, 1.8
some_customcells.genblk1\[60\].name_of_cell, 64.8, 46.24, 1.8
some_customcells.genblk1\[61\].name_of_cell, 70.2, 46.24, 1.8
some_customcells.genblk1\[62\].name_of_cell, 70.2, 46.24, 1.8
some_customcells.genblk1\[63\].name_of_cell, 70.2, 46.24, 1.8
some_customcells.genblk1\[64\].name_of_cell, 75.6, 46.24, 1.8
some_customcells.genblk1\[65\].name_of_cell, 75.6, 46.24, 1.8
some_customcells.genblk1\[66\].name_of_cell, 75.6, 46.24, 1.8
some_customcells.genblk1\[67\].name_of_cell, 81, 46.24, 1.8
some_customcells.genblk1\[68\].name_of_cell, 81, 46.24, 1.8
some_customcells.genblk1\[69\].name_of_cell, 81, 46.24, 1.8
some_customcells.genblk1\[70\].name_of_cell, 86.4, 46.24, 1.8
some_customcells.genblk1\[71\].name_of_cell, 86.4, 46.24, 1.8
some_customcells.genblk1\[72\].name_of_cell, 86.4, 46.24, 1.8
some_customcells.genblk1\[73\].name_of_cell, 91.8, 46.24, 1.8
some_customcells.genblk1\[74\].name_of_cell, 91.8, 46.24, 1.8
some_customcells.genblk1\[75\].name_of_cell, 97.2, 46.24, 1.8
some_customcells.genblk1\[76\].name_of_cell, 97.2, 46.24, 1.8
some_customcells.genblk1\[77\].name_of_cell, 97.2, 46.24, 1.8
some_customcells.genblk1\[78\].name_of_cell, 102.6, 46.24, 1.8
some_customcells.genblk1\[79\].name_of_cell, 102.6, 46.24, 1.8
some_customcells.genblk1\[80\].name_of_cell, 102.6, 46.24, 1.8
some_customcells.genblk1\[81\].name_of_cell, 108, 46.24, 1.8
some_customcells.genblk1\[82\].name_of_cell, 108, 46.24, 1.8
some_customcells.genblk1\[83\].name_of_cell, 108, 46.24, 1.8
some_customcells.genblk1\[84\].name_of_cell, 113.4, 46.24, 1.8
some_customcells.genblk1\[85\].name_of_cell, 113.4, 46.24, 1.8
some_customcells.genblk1\[86\].name_of_cell, 113.4, 46.24, 1.8
some_customcells.genblk1\[87\].name_of_cell, 118.8, 46.24, 1.8
some_customcells.genblk1\[88\].name_of_cell, 118.8, 46.24, 1.8
some_customcells.genblk1\[89\].name_of_cell, 118.8, 46.24, 1.8
some_customcells.genblk1\[90\].name_of_cell, 124.2, 46.24, 1.8
some_customcells.genblk1\[91\].name_of_cell, 124.2, 46.24, 1.8
some_customcells.genblk1\[92\].name_of_cell, 124.2, 46.24, 1.8
some_customcells.genblk1\[93\].name_of_cell, 129.6, 46.24, 1.8
some_customcells.genblk1\[94\].name_of_cell, 129.6, 46.24, 1.8
some_customcells.genblk1\[95\].name_of_cell, 129.6, 46.24, 1.8
some_customcells.genblk1\[100\].name_of_cell, 135, 46.24, 1.8
some_customcells.genblk1\[101\].name_of_cell, 135, 46.24, 1.8
some_customcells.genblk1\[102\].name_of_cell, 135, 46.24, 1.8
some_customcells.genblk1\[103\].name_of_cell, 135, 46.24, 1.8
some_customcells.genblk1\[104\].name_of_cell, 135, 46.24, 1.8
some_customcells.genblk1\[105\].name_of_cell, 135, 46.24, 1.8
some_customcells.genblk1\[106\].name_of_cell, 135, 46.24, 1.8
some_customcells.genblk1\[107\].name_of_cell, 135, 46.24, 1.8
some_customcells.genblk1\[108\].name_of_cell, 135, 46.24, 1.8
some_customcells.genblk1\[109\].name_of_cell, 135, 46.24, 1.8
some_customcells.genblk1\[110\].name_of_cell, 135, 46.24, 1.8
some_customcells.genblk1\[111\].name_of_cell, 135, 46.24, 1.8
some_customcells.genblk1\[112\].name_of_cell, 135, 46.24, 1.8
some_customcells.genblk1\[113\].name_of_cell, 135, 46.24, 1.8
some_customcells.genblk1\[114\].name_of_cell, 135, 46.24, 1.8
some_customcells.genblk1\[115\].name_of_cell, 135, 46.24, 1.8
some_customcells.genblk1\[116\].name_of_cell, 135, 46.24, 1.8
some_customcells.genblk1\[117\].name_of_cell, 135, 46.24, 1.8
some_customcells.genblk1\[118\].name_of_cell, 135, 46.24, 1.8
some_customcells.genblk1\[119\].name_of_cell, 135, 46.24, 1.8
some_customcells.genblk1\[120\].name_of_cell, 135, 46.24, 1.8
some_customcells.genblk1\[121\].name_of_cell, 135, 46.24, 1.8
some_customcells.genblk1\[122\].name_of_cell, 135, 46.24, 1.8
some_customcells.genblk1\[123\].name_of_cell, 135, 46.24, 1.8
some_customcells.genblk1\[96\].name_of_cell, 135, 46.24, 1.8
some_customcells.genblk1\[97\].name_of_cell, 135, 46.24, 1.8
some_customcells.genblk1\[98\].name_of_cell, 135, 46.24, 1.8
some_customcells.genblk1\[99\].name_of_cell, 135, 46.24, 1.8
PHY_25, 140.4, 46.24, 1.8
PHY_27, 140.4, 46.24, 1.8
_0_, 140.4, 46.24, 1.8
PHY_20, 5.4, 40.8, 1.8
PHY_22, 5.4, 40.8, 1.8
PHY_21, 140.4, 40.8, 1.8
PHY_23, 140.4, 40.8, 1.8
PHY_16, 5.4, 35.36, 1.8
PHY_18, 5.4, 35.36, 1.8
PHY_17, 140.4, 35.36, 1.8
PHY_19, 140.4, 35.36, 1.8
PHY_12, 5.4, 29.92, 1.8
PHY_14, 5.4, 29.92, 1.8
PHY_13, 140.4, 29.92, 1.8
PHY_15, 140.4, 29.92, 1.8
PHY_10, 5.4, 24.48, 1.8
PHY_8, 5.4, 24.48, 1.8
PHY_11, 140.4, 24.48, 1.8
PHY_9, 140.4, 24.48, 1.8
PHY_4, 5.4, 19.04, 1.8
PHY_6, 5.4, 19.04, 1.8
PHY_5, 140.4, 19.04, 1.8
PHY_7, 140.4, 19.04, 1.8
PHY_0, 5.4, 13.6, 1.8
PHY_2, 5.4, 13.6, 1.8
PHY_1, 140.4, 13.6, 1.8
PHY_3, 140.4, 13.6, 1.8

