OpenROAD v2.0-4818-g4174c3ad8 
This program is licensed under the BSD-3 license. See the LICENSE file for details.
Components of this program may be licensed under more restrictive licenses which must be honored.
[INFO ODB-0222] Reading LEF file: /foss/designs/SKY130-RTL-with-Custom-Standardcell-to-GDSII/openlane/customcells/runs/germknedl/tmp/merged.nom.lef
[WARNING ODB-0220] WARNING (LEFPARS-2036): SOURCE statement is obsolete in version 5.6 and later.
The LEF parser will ignore this statement.
To avoid this warning in the future, remove this statement from the LEF file with version 5.6 or later. See file /foss/designs/SKY130-RTL-with-Custom-Standardcell-to-GDSII/openlane/customcells/runs/germknedl/tmp/merged.nom.lef at line 930.

[INFO ODB-0223]     Created 13 technology layers
[INFO ODB-0224]     Created 25 technology vias
[INFO ODB-0225]     Created 442 library cells
[INFO ODB-0226] Finished LEF file:  /foss/designs/SKY130-RTL-with-Custom-Standardcell-to-GDSII/openlane/customcells/runs/germknedl/tmp/merged.nom.lef
[INFO]: Setting output delay to: 2.0
[INFO]: Setting input delay to: 2.0
[WARNING STA-0337] port '__VIRTUAL_CLK__' not found.
[INFO]: Setting load to: 0.033442
[INFO]: Setting clock uncertainty to: 0.25
[INFO]: Setting clock transition to: 0.15
[WARNING STA-0559] transition time can not be specified for virtual clocks.
[INFO]: Setting timing derate to: 0.5 %
min_report

===========================================================================
report_checks -path_delay min (Hold)
============================================================================
No paths found.
min_report_end
max_report

===========================================================================
report_checks -path_delay max (Setup)
============================================================================
No paths found.
max_report_end
check_report

===========================================================================
report_checks -unconstrained
============================================================================
Startpoint: in (input port clocked by __VIRTUAL_CLK__)
Endpoint: some_customcells.genblk1[1].name_of_cell/in (internal pin)
Path Group: (none)
Path Type: max

Fanout     Cap    Slew   Delay    Time   Description
-----------------------------------------------------------------------------
                          2.00    2.00 ^ input external delay
                  0.03    0.02    2.02 ^ in (in)
     1    0.00                           in (net)
                  0.03    0.00    2.02 ^ some_customcells.genblk1[1].name_of_cell/in (sky130_customcell)
                                  2.02   data arrival time
-----------------------------------------------------------------------------
(Path is unconstrained)



===========================================================================
report_checks --slack_max -0.01
============================================================================
No paths found.
check_report_end
check_slew

===========================================================================
 report_check_types -max_slew -max_cap -max_fanout -violators
============================================================================

===========================================================================
max slew violation count 0
max fanout violation count 0
max cap violation count 0
============================================================================
check_slew_end
tns_report

===========================================================================
 report_tns
============================================================================
tns 0.00
tns_report_end
wns_report

===========================================================================
 report_wns
============================================================================
wns 0.00
wns_report_end
worst_slack

===========================================================================
 report_worst_slack -max (Setup)
============================================================================
worst slack INF

===========================================================================
 report_worst_slack -min (Hold)
============================================================================
worst slack INF
worst_slack_end
power_report

===========================================================================
 report_power
============================================================================
Group                  Internal  Switching    Leakage      Total
                          Power      Power      Power      Power (Watts)
----------------------------------------------------------------
Sequential             0.00e+00   0.00e+00   0.00e+00   0.00e+00   0.0%
Combinational          3.91e-08   5.80e-08   3.90e-10   9.75e-08 100.0%
Macro                  0.00e+00   0.00e+00   0.00e+00   0.00e+00   0.0%
Pad                    0.00e+00   0.00e+00   0.00e+00   0.00e+00   0.0%
----------------------------------------------------------------
Total                  3.91e-08   5.80e-08   3.90e-10   9.75e-08 100.0%
                          40.1%      59.5%       0.4%
power_report_end
area_report

===========================================================================
 report_design_area
============================================================================
Design area 3082 u^2 100% utilization.
area_report_end
