OpenROAD v2.0-4818-g4174c3ad8 
This program is licensed under the BSD-3 license. See the LICENSE file for details.
Components of this program may be licensed under more restrictive licenses which must be honored.
[INFO ODB-0222] Reading LEF file: /foss/designs/SKY130-RTL-with-Custom-Standardcell-to-GDSII/openlane/customcells/runs/germknedl/tmp/merged.nom.lef
[WARNING ODB-0220] WARNING (LEFPARS-2036): SOURCE statement is obsolete in version 5.6 and later.
The LEF parser will ignore this statement.
To avoid this warning in the future, remove this statement from the LEF file with version 5.6 or later. See file /foss/designs/SKY130-RTL-with-Custom-Standardcell-to-GDSII/openlane/customcells/runs/germknedl/tmp/merged.nom.lef at line 930.

[INFO ODB-0223]     Created 13 technology layers
[INFO ODB-0224]     Created 25 technology vias
[INFO ODB-0225]     Created 442 library cells
[INFO ODB-0226] Finished LEF file:  /foss/designs/SKY130-RTL-with-Custom-Standardcell-to-GDSII/openlane/customcells/runs/germknedl/tmp/merged.nom.lef
[INFO ODB-0127] Reading DEF file: /foss/designs/SKY130-RTL-with-Custom-Standardcell-to-GDSII/openlane/customcells/runs/germknedl/tmp/placement/8-global.buffers_removed.def
[INFO ODB-0128] Design: customcells
[INFO ODB-0130]     Created 4 pins.
[INFO ODB-0131]     Created 330 components and 1268 component-terminals.
[INFO ODB-0132]     Created 4 special nets and 1020 connections.
[INFO ODB-0133]     Created 125 nets and 248 connections.
[INFO ODB-0134] Finished DEF file: /foss/designs/SKY130-RTL-with-Custom-Standardcell-to-GDSII/openlane/customcells/runs/germknedl/tmp/placement/8-global.buffers_removed.def
[WARNING DPL-0037] Use remove_fillers before detailed placement.
Placement Analysis
---------------------------------
total displacement       2381.3 u
average displacement        7.2 u
max displacement           50.9 u
original HPWL             405.4 u
legalized HPWL           3488.0 u
delta HPWL                  760 %

[INFO DPL-0020] Mirrored 66 instances
[INFO DPL-0021] HPWL before            3488.0 u
[INFO DPL-0022] HPWL after             3232.6 u
[INFO DPL-0023] HPWL delta               -7.3 %
