OpenROAD v2.0-3879-g0b8b7ae25 
This program is licensed under the BSD-3 license. See the LICENSE file for details.
Components of this program may be licensed under more restrictive licenses which must be honored.
[INFO ODB-0222] Reading LEF file: /foss/designs/SKY130_Playground/openlane/customcells/runs/germknedl/tmp/merged.unpadded.nom.lef
[INFO ODB-0223]     Created 13 technology layers
[INFO ODB-0224]     Created 25 technology vias
[INFO ODB-0225]     Created 442 library cells
[INFO ODB-0226] Finished LEF file:  /foss/designs/SKY130_Playground/openlane/customcells/runs/germknedl/tmp/merged.unpadded.nom.lef
[INFO ODB-0127] Reading DEF file: /foss/designs/SKY130_Playground/openlane/customcells/runs/germknedl/tmp/placement/8-global.def
[INFO ODB-0128] Design: customcells
[INFO ODB-0130]     Created 4 pins.
[INFO ODB-0131]     Created 330 components and 1268 component-terminals.
[INFO ODB-0132]     Created 4 special nets and 1020 connections.
[INFO ODB-0133]     Created 125 nets and 248 connections.
[INFO ODB-0134] Finished DEF file: /foss/designs/SKY130_Playground/openlane/customcells/runs/germknedl/tmp/placement/8-global.def
Placement Analysis
---------------------------------
total displacement       2360.2 u
average displacement        7.2 u
max displacement           50.8 u
original HPWL             405.4 u
legalized HPWL           3503.5 u
delta HPWL                  764 %

[INFO DPL-0020] Mirrored 71 instances
[INFO DPL-0021] HPWL before            3503.5 u
[INFO DPL-0022] HPWL after             3225.9 u
[INFO DPL-0023] HPWL delta               -7.9 %
