OpenROAD v2.0-4818-g4174c3ad8 
This program is licensed under the BSD-3 license. See the LICENSE file for details.
Components of this program may be licensed under more restrictive licenses which must be honored.
[INFO ODB-0222] Reading LEF file: /foss/designs/SKY130-RTL-with-Custom-Standardcell-to-GDSII/openlane/customcells/runs/germknedl/tmp/merged.nom.lef
[WARNING ODB-0220] WARNING (LEFPARS-2036): SOURCE statement is obsolete in version 5.6 and later.
The LEF parser will ignore this statement.
To avoid this warning in the future, remove this statement from the LEF file with version 5.6 or later. See file /foss/designs/SKY130-RTL-with-Custom-Standardcell-to-GDSII/openlane/customcells/runs/germknedl/tmp/merged.nom.lef at line 930.

[INFO ODB-0223]     Created 13 technology layers
[INFO ODB-0224]     Created 25 technology vias
[INFO ODB-0225]     Created 442 library cells
[INFO ODB-0226] Finished LEF file:  /foss/designs/SKY130-RTL-with-Custom-Standardcell-to-GDSII/openlane/customcells/runs/germknedl/tmp/merged.nom.lef
[INFO ODB-0127] Reading DEF file: /foss/designs/SKY130-RTL-with-Custom-Standardcell-to-GDSII/openlane/customcells/runs/germknedl/results/placement/customcells.buffers_removed.buffers_removed.def
[INFO ODB-0128] Design: customcells
[INFO ODB-0130]     Created 4 pins.
[INFO ODB-0131]     Created 330 components and 1268 component-terminals.
[INFO ODB-0132]     Created 4 special nets and 1020 connections.
[INFO ODB-0133]     Created 125 nets and 248 connections.
[INFO ODB-0134] Finished DEF file: /foss/designs/SKY130-RTL-with-Custom-Standardcell-to-GDSII/openlane/customcells/runs/germknedl/results/placement/customcells.buffers_removed.buffers_removed.def
[WARNING STA-0357] virtual clock __VIRTUAL_CLK__ can not be propagated.
[INFO]: Setting signal min routing layer to: met1 and clock min routing layer to met1. 
[INFO]: Setting signal max routing layer to: met4 and clock max routing layer to met4. 
-congestion_iterations 50 -verbose
[INFO GRT-0020] Min routing layer: met1
[INFO GRT-0021] Max routing layer: met4
[INFO GRT-0022] Global adjustment: 30%
[INFO GRT-0023] Grid origin: (0, 0)
[INFO GRT-0043] No OR_DEFAULT vias defined.
[INFO GRT-0088] Layer li1     Track-Pitch = 0.4600  line-2-Via Pitch: 0.3400
[INFO GRT-0088] Layer met1    Track-Pitch = 0.3400  line-2-Via Pitch: 0.3400
[INFO GRT-0088] Layer met2    Track-Pitch = 0.4600  line-2-Via Pitch: 0.3500
[INFO GRT-0088] Layer met3    Track-Pitch = 0.6800  line-2-Via Pitch: 0.6150
[INFO GRT-0088] Layer met4    Track-Pitch = 0.9200  line-2-Via Pitch: 0.6150
[INFO GRT-0019] Found 0 clock nets.
[INFO GRT-0001] Minimum degree: 2
[INFO GRT-0002] Maximum degree: 2
[INFO GRT-0003] Macros: 0
[INFO GRT-0004] Blockages: 0

[INFO GRT-0053] Routing resources analysis:
          Routing      Original      Derated      Resource
Layer     Direction    Resources     Resources    Reduction (%)
---------------------------------------------------------------
li1        Vertical            0             0          0.00%
met1       Horizontal       5880          3601          38.76%
met2       Vertical         4410          2912          33.97%
met3       Horizontal       2940          2080          29.25%
met4       Vertical         2058          1185          42.42%
---------------------------------------------------------------

[INFO GRT-0197] Via related to pin nodes: 439
[INFO GRT-0198] Via related Steiner nodes: 0
[INFO GRT-0199] Via filling finished.
[INFO GRT-0111] Final number of vias: 500
[INFO GRT-0112] Final usage 3D: 1975

[INFO GRT-0096] Final congestion report:
Layer         Resource        Demand        Usage (%)    Max H / Max V / Total Overflow
---------------------------------------------------------------------------------------
li1                  0             0            0.00%             0 /  0 /  0
met1              3601            88            2.44%             0 /  0 /  0
met2              2912           361           12.40%             0 /  0 /  0
met3              2080             2            0.10%             0 /  0 /  0
met4              1185            24            2.03%             0 /  0 /  0
---------------------------------------------------------------------------------------
Total             9778           475            4.86%             0 /  0 /  0

[INFO GRT-0018] Total wirelength: 4574 um
[INFO GRT-0014] Routed nets: 125
[INFO GRT-0006] Repairing antennas, iteration 1.
[INFO GRT-0043] No OR_DEFAULT vias defined.
[INFO GRT-0012] Found 0 antenna violations.
[INFO]: Setting RC values...
min_report

===========================================================================
report_checks -path_delay min (Hold)
============================================================================
No paths found.
min_report_end
max_report

===========================================================================
report_checks -path_delay max (Setup)
============================================================================
No paths found.
max_report_end
check_report

===========================================================================
report_checks -unconstrained
============================================================================
Startpoint: in (input port clocked by __VIRTUAL_CLK__)
Endpoint: some_customcells.genblk1[1].name_of_cell/in (internal pin)
Path Group: (none)
Path Type: max

Fanout     Cap    Slew   Delay    Time   Description
-----------------------------------------------------------------------------
                          2.00    2.00 ^ input external delay
                  0.04    0.02    2.02 ^ in (in)
     1    0.01                           in (net)
                  0.04    0.00    2.02 ^ some_customcells.genblk1[1].name_of_cell/in (sky130_customcell)
                                  2.02   data arrival time
-----------------------------------------------------------------------------
(Path is unconstrained)



===========================================================================
report_checks --slack_max -0.01
============================================================================
No paths found.
check_report_end
check_slew

===========================================================================
 report_check_types -max_slew -max_cap -max_fanout -violators
============================================================================

===========================================================================
max slew violation count 0
max fanout violation count 0
max cap violation count 0
============================================================================
check_slew_end
tns_report

===========================================================================
 report_tns
============================================================================
tns 0.00
tns_report_end
wns_report

===========================================================================
 report_wns
============================================================================
wns 0.00
wns_report_end
worst_slack

===========================================================================
 report_worst_slack -max (Setup)
============================================================================
worst slack INF

===========================================================================
 report_worst_slack -min (Hold)
============================================================================
worst slack INF
worst_slack_end
power_report

===========================================================================
 report_power
============================================================================
Group                  Internal  Switching    Leakage      Total
                          Power      Power      Power      Power (Watts)
----------------------------------------------------------------
Sequential             0.00e+00   0.00e+00   0.00e+00   0.00e+00   0.0%
Combinational          3.95e-08   1.19e-07   5.71e-10   1.59e-07 100.0%
Macro                  0.00e+00   0.00e+00   0.00e+00   0.00e+00   0.0%
Pad                    0.00e+00   0.00e+00   0.00e+00   0.00e+00   0.0%
----------------------------------------------------------------
Total                  3.95e-08   1.19e-07   5.71e-10   1.59e-07 100.0%
                          24.8%      74.8%       0.4%
power_report_end
area_report

===========================================================================
 report_design_area
============================================================================
Design area 3269 u^2 31% utilization.
area_report_end
