Instance name,  X location,  Y location,  Voltage 
FILLER_27_277, 133.12, 84.32, 1.8
some_customcells.genblk1\[116\].name_of_cell, 133.12, 84.32, 1.8
some_customcells.genblk1\[106\].name_of_cell, 133.12, 78.88, 1.8
some_customcells.genblk1\[98\].name_of_cell, 133.12, 73.44, 1.8
some_customcells.genblk1\[94\].name_of_cell, 133.12, 68, 1.8
FILLER_17_274, 133.12, 57.12, 1.8
FILLER_15_271, 133.12, 51.68, 1.8
FILLER_13_271, 133.12, 46.24, 1.8
FILLER_14_287, 133.12, 46.24, 1.8
FILLER_11_271, 133.12, 40.8, 1.8
some_customcells.genblk1\[93\].name_of_cell, 133.12, 35.36, 1.8
some_customcells.genblk1\[97\].name_of_cell, 133.12, 29.92, 1.8
some_customcells.genblk1\[105\].name_of_cell, 133.12, 24.48, 1.8
some_customcells.genblk1\[115\].name_of_cell, 133.12, 19.04, 1.8
FILLER_0_277, 133.12, 13.6, 1.8
FILLER_1_273, 133.12, 13.6, 1.8
FILLER_27_221, 104.12, 84.32, 1.8
FILLER_25_217, 104.12, 78.88, 1.8
FILLER_23_217, 104.12, 73.44, 1.8
FILLER_21_217, 104.12, 68, 1.8
FILLER_22_221, 104.12, 68, 1.8
FILLER_20_221, 104.12, 62.56, 1.8
some_customcells.genblk1\[114\].name_of_cell, 104.12, 62.56, 1.8
FILLER_17_221, 104.12, 57.12, 1.8
FILLER_15_215, 104.12, 51.68, 1.8
FILLER_16_219, 104.12, 51.68, 1.8
some_customcells.genblk1\[81\].name_of_cell, 104.12, 51.68, 1.8
FILLER_13_215, 104.12, 46.24, 1.8
FILLER_14_219, 104.12, 46.24, 1.8
some_customcells.genblk1\[77\].name_of_cell, 104.12, 46.24, 1.8
FILLER_11_217, 104.12, 40.8, 1.8
FILLER_12_219, 104.12, 40.8, 1.8
some_customcells.genblk1\[113\].name_of_cell, 104.12, 40.8, 1.8
some_customcells.genblk1\[80\].name_of_cell, 104.12, 40.8, 1.8
FILLER_7_217, 104.12, 29.92, 1.8
FILLER_8_221, 104.12, 29.92, 1.8
FILLER_5_217, 104.12, 24.48, 1.8
FILLER_6_221, 104.12, 24.48, 1.8
FILLER_3_217, 104.12, 19.04, 1.8
FILLER_0_221, 104.12, 13.6, 1.8
FILLER_1_217, 104.12, 13.6, 1.8
FILLER_25_161, 75.12, 78.88, 1.8
FILLER_23_161, 75.12, 73.44, 1.8
FILLER_21_161, 75.12, 68, 1.8
FILLER_19_161, 75.12, 62.56, 1.8
FILLER_17_157, 75.12, 57.12, 1.8
FILLER_15_141, 75.12, 51.68, 1.8
some_customcells.genblk1\[63\].name_of_cell, 75.12, 51.68, 1.8
some_customcells.genblk1\[65\].name_of_cell, 75.12, 51.68, 1.8
FILLER_13_142, 75.12, 46.24, 1.8
FILLER_14_153, 75.12, 46.24, 1.8
some_customcells.genblk1\[64\].name_of_cell, 75.12, 46.24, 1.8
some_customcells.genblk1\[67\].name_of_cell, 75.12, 46.24, 1.8
FILLER_11_161, 75.12, 40.8, 1.8
FILLER_12_153, 75.12, 40.8, 1.8
some_customcells.genblk1\[62\].name_of_cell, 75.12, 40.8, 1.8
some_customcells.genblk1\[66\].name_of_cell, 75.12, 40.8, 1.8
FILLER_9_161, 75.12, 35.36, 1.8
FILLER_7_161, 75.12, 29.92, 1.8
FILLER_5_161, 75.12, 24.48, 1.8
FILLER_3_161, 75.12, 19.04, 1.8
FILLER_1_161, 75.12, 13.6, 1.8
FILLER_27_81, 46.12, 84.32, 1.8
FILLER_16_85, 46.12, 57.12, 1.8
FILLER_17_79, 46.12, 57.12, 1.8
some_customcells.genblk1\[48\].name_of_cell, 46.12, 57.12, 1.8
FILLER_14_85, 46.12, 51.68, 1.8
FILLER_15_86, 46.12, 51.68, 1.8
some_customcells.genblk1\[50\].name_of_cell, 46.12, 51.68, 1.8
some_customcells.genblk1\[52\].name_of_cell, 46.12, 51.68, 1.8
FILLER_12_85, 46.12, 46.24, 1.8
FILLER_13_86, 46.12, 46.24, 1.8
some_customcells.genblk1\[53\].name_of_cell, 46.12, 46.24, 1.8
some_customcells.genblk1\[55\].name_of_cell, 46.12, 46.24, 1.8
FILLER_11_80, 46.12, 40.8, 1.8
some_customcells.genblk1\[49\].name_of_cell, 46.12, 40.8, 1.8
some_customcells.genblk1\[51\].name_of_cell, 46.12, 40.8, 1.8
FILLER_0_81, 46.12, 13.6, 1.8
FILLER_24_25, 17.12, 78.88, 1.8
FILLER_22_25, 17.12, 73.44, 1.8
FILLER_20_25, 17.12, 68, 1.8
FILLER_21_25, 17.12, 68, 1.8
some_customcells.genblk1\[18\].name_of_cell, 17.12, 68, 1.8
some_customcells.genblk1\[24\].name_of_cell, 17.12, 68, 1.8
FILLER_18_25, 17.12, 62.56, 1.8
FILLER_19_25, 17.12, 62.56, 1.8
some_customcells.genblk1\[13\].name_of_cell, 17.12, 62.56, 1.8
some_customcells.genblk1\[9\].name_of_cell, 17.12, 62.56, 1.8
some_customcells.genblk1\[34\].name_of_cell, 17.12, 57.12, 1.8
some_customcells.genblk1\[5\].name_of_cell, 17.12, 57.12, 1.8
FILLER_15_30, 17.12, 51.68, 1.8
FILLER_16_29, 17.12, 51.68, 1.8
some_customcells.genblk1\[39\].name_of_cell, 17.12, 51.68, 1.8
FILLER_13_30, 17.12, 46.24, 1.8
FILLER_14_29, 17.12, 46.24, 1.8
some_customcells.genblk1\[40\].name_of_cell, 17.12, 46.24, 1.8
FILLER_10_25, 17.12, 40.8, 1.8
FILLER_11_28, 17.12, 40.8, 1.8
FILLER_12_29, 17.12, 40.8, 1.8
some_customcells.genblk1\[35\].name_of_cell, 17.12, 40.8, 1.8
FILLER_8_25, 17.12, 35.36, 1.8
FILLER_9_25, 17.12, 35.36, 1.8
some_customcells.genblk1\[4\].name_of_cell, 17.12, 35.36, 1.8
some_customcells.genblk1\[8\].name_of_cell, 17.12, 35.36, 1.8
FILLER_6_25, 17.12, 29.92, 1.8
FILLER_7_25, 17.12, 29.92, 1.8
some_customcells.genblk1\[12\].name_of_cell, 17.12, 29.92, 1.8
some_customcells.genblk1\[17\].name_of_cell, 17.12, 29.92, 1.8
FILLER_4_25, 17.12, 24.48, 1.8
some_customcells.genblk1\[23\].name_of_cell, 17.12, 24.48, 1.8
PHY_52, 5.52, 84.32, 1.8
PHY_54, 5.52, 84.32, 1.8
FILLER_27_293, 144.44, 84.32, 1.8
PHY_53, 144.44, 84.32, 1.8
PHY_55, 144.44, 84.32, 1.8
FILLER_27_53, 26.786, 84.32, 1.8
FILLER_27_109, 55.786, 84.32, 1.8
FILLER_27_137, 65.453, 84.32, 1.8
FILLER_27_165, 84.786, 84.32, 1.8
FILLER_26_189, 94.453, 84.32, 1.8
FILLER_27_193, 94.453, 84.32, 1.8
FILLER_27_249, 123.453, 84.32, 1.8
PHY_48, 5.52, 78.88, 1.8
PHY_50, 5.52, 78.88, 1.8
FILLER_25_293, 144.44, 78.88, 1.8
PHY_49, 144.44, 78.88, 1.8
PHY_51, 144.44, 78.88, 1.8
FILLER_25_51, 26.786, 78.88, 1.8
FILLER_26_77, 36.453, 78.88, 1.8
FILLER_25_105, 55.786, 78.88, 1.8
FILLER_26_133, 65.453, 78.88, 1.8
FILLER_24_189, 94.453, 78.88, 1.8
FILLER_26_245, 113.786, 78.88, 1.8
FILLER_25_249, 123.453, 78.88, 1.8
some_customcells.genblk1\[120\].name_of_cell, 123.453, 78.88, 1.8
PHY_44, 5.52, 73.44, 1.8
PHY_46, 5.52, 73.44, 1.8
some_customcells.genblk1\[16\].name_of_cell, 5.52, 73.44, 1.8
some_customcells.genblk1\[22\].name_of_cell, 5.52, 73.44, 1.8
FILLER_23_293, 144.44, 73.44, 1.8
PHY_45, 144.44, 73.44, 1.8
PHY_47, 144.44, 73.44, 1.8
FILLER_23_49, 26.786, 73.44, 1.8
FILLER_24_77, 36.453, 73.44, 1.8
FILLER_23_105, 55.786, 73.44, 1.8
FILLER_24_133, 65.453, 73.44, 1.8
FILLER_22_189, 94.453, 73.44, 1.8
FILLER_24_245, 113.786, 73.44, 1.8
some_customcells.genblk1\[122\].name_of_cell, 113.786, 73.44, 1.8
FILLER_23_249, 123.453, 73.44, 1.8
some_customcells.genblk1\[108\].name_of_cell, 123.453, 73.44, 1.8
PHY_40, 5.52, 68, 1.8
PHY_42, 5.52, 68, 1.8
some_customcells.genblk1\[11\].name_of_cell, 5.52, 68, 1.8
some_customcells.genblk1\[7\].name_of_cell, 5.52, 68, 1.8
FILLER_20_291, 144.44, 68, 1.8
FILLER_21_293, 144.44, 68, 1.8
PHY_41, 144.44, 68, 1.8
PHY_43, 144.44, 68, 1.8
FILLER_21_49, 26.786, 68, 1.8
FILLER_22_75, 36.453, 68, 1.8
FILLER_21_105, 55.786, 68, 1.8
FILLER_22_133, 65.453, 68, 1.8
FILLER_20_189, 94.453, 68, 1.8
FILLER_21_225, 113.786, 68, 1.8
some_customcells.genblk1\[110\].name_of_cell, 113.786, 68, 1.8
some_customcells.genblk1\[112\].name_of_cell, 113.786, 68, 1.8
FILLER_21_254, 123.453, 68, 1.8
some_customcells.genblk1\[99\].name_of_cell, 123.453, 68, 1.8
PHY_36, 5.52, 62.56, 1.8
PHY_38, 5.52, 62.56, 1.8
some_customcells.genblk1\[1\].name_of_cell, 5.52, 62.56, 1.8
some_customcells.genblk1\[3\].name_of_cell, 5.52, 62.56, 1.8
FILLER_18_295, 144.44, 62.56, 1.8
FILLER_19_293, 144.44, 62.56, 1.8
PHY_37, 144.44, 62.56, 1.8
PHY_39, 144.44, 62.56, 1.8
FILLER_19_49, 26.786, 62.56, 1.8
FILLER_20_75, 36.453, 62.56, 1.8
FILLER_19_105, 55.786, 62.56, 1.8
FILLER_20_133, 65.453, 62.56, 1.8
FILLER_18_189, 94.453, 62.56, 1.8
FILLER_19_193, 94.453, 62.56, 1.8
some_customcells.genblk1\[118\].name_of_cell, 94.453, 62.56, 1.8
FILLER_18_226, 113.786, 62.56, 1.8
FILLER_19_225, 113.786, 62.56, 1.8
some_customcells.genblk1\[102\].name_of_cell, 113.786, 62.56, 1.8
some_customcells.genblk1\[104\].name_of_cell, 113.786, 62.56, 1.8
FILLER_18_253, 123.453, 62.56, 1.8
FILLER_19_254, 123.453, 62.56, 1.8
FILLER_20_265, 123.453, 62.56, 1.8
some_customcells.genblk1\[96\].name_of_cell, 123.453, 62.56, 1.8
PHY_32, 5.52, 57.12, 1.8
PHY_34, 5.52, 57.12, 1.8
some_customcells.genblk1\[27\].name_of_cell, 5.52, 57.12, 1.8
FILLER_17_293, 144.44, 57.12, 1.8
PHY_33, 144.44, 57.12, 1.8
PHY_35, 144.44, 57.12, 1.8
FILLER_17_48, 26.786, 57.12, 1.8
FILLER_18_51, 26.786, 57.12, 1.8
some_customcells.genblk1\[20\].name_of_cell, 26.786, 57.12, 1.8
some_customcells.genblk1\[37\].name_of_cell, 26.786, 57.12, 1.8
FILLER_16_58, 36.453, 57.12, 1.8
FILLER_18_75, 36.453, 57.12, 1.8
some_customcells.genblk1\[14\].name_of_cell, 36.453, 57.12, 1.8
some_customcells.genblk1\[43\].name_of_cell, 36.453, 57.12, 1.8
FILLER_17_104, 55.786, 57.12, 1.8
FILLER_18_133, 65.453, 57.12, 1.8
some_customcells.genblk1\[58\].name_of_cell, 65.453, 57.12, 1.8
FILLER_17_165, 84.786, 57.12, 1.8
FILLER_17_181, 84.786, 57.12, 1.8
FILLER_16_185, 94.453, 57.12, 1.8
FILLER_16_193, 94.453, 57.12, 1.8
FILLER_18_197, 94.453, 57.12, 1.8
some_customcells.genblk1\[74\].name_of_cell, 94.453, 57.12, 1.8
FILLER_17_225, 113.786, 57.12, 1.8
some_customcells.genblk1\[84\].name_of_cell, 113.786, 57.12, 1.8
FILLER_17_250, 123.453, 57.12, 1.8
some_customcells.genblk1\[88\].name_of_cell, 123.453, 57.12, 1.8
some_customcells.genblk1\[90\].name_of_cell, 123.453, 57.12, 1.8
some_customcells.genblk1\[92\].name_of_cell, 123.453, 57.12, 1.8
FILLER_15_3, 5.52, 51.68, 1.8
FILLER_16_3, 5.52, 51.68, 1.8
PHY_28, 5.52, 51.68, 1.8
PHY_30, 5.52, 51.68, 1.8
some_customcells.genblk1\[30\].name_of_cell, 5.52, 51.68, 1.8
some_customcells.genblk1\[32\].name_of_cell, 5.52, 51.68, 1.8
FILLER_15_293, 144.44, 51.68, 1.8
PHY_29, 144.44, 51.68, 1.8
PHY_31, 144.44, 51.68, 1.8
_0_, 144.44, 51.68, 1.8
some_customcells.genblk1\[41\].name_of_cell, 26.786, 51.68, 1.8
FILLER_14_58, 36.453, 51.68, 1.8
FILLER_15_57, 36.453, 51.68, 1.8
some_customcells.genblk1\[45\].name_of_cell, 36.453, 51.68, 1.8
some_customcells.genblk1\[47\].name_of_cell, 36.453, 51.68, 1.8
FILLER_15_113, 55.786, 51.68, 1.8
FILLER_16_112, 55.786, 51.68, 1.8
some_customcells.genblk1\[56\].name_of_cell, 55.786, 51.68, 1.8
FILLER_16_137, 65.453, 51.68, 1.8
some_customcells.genblk1\[59\].name_of_cell, 65.453, 51.68, 1.8
FILLER_15_165, 84.786, 51.68, 1.8
some_customcells.genblk1\[69\].name_of_cell, 84.786, 51.68, 1.8
FILLER_14_193, 94.453, 51.68, 1.8
FILLER_15_191, 94.453, 51.68, 1.8
some_customcells.genblk1\[72\].name_of_cell, 94.453, 51.68, 1.8
some_customcells.genblk1\[76\].name_of_cell, 94.453, 51.68, 1.8
FILLER_16_243, 113.786, 51.68, 1.8
some_customcells.genblk1\[79\].name_of_cell, 113.786, 51.68, 1.8
FILLER_15_247, 123.453, 51.68, 1.8
some_customcells.genblk1\[83\].name_of_cell, 123.453, 51.68, 1.8
some_customcells.genblk1\[86\].name_of_cell, 123.453, 51.68, 1.8
FILLER_13_3, 5.52, 46.24, 1.8
FILLER_14_3, 5.52, 46.24, 1.8
PHY_24, 5.52, 46.24, 1.8
PHY_26, 5.52, 46.24, 1.8
some_customcells.genblk1\[33\].name_of_cell, 5.52, 46.24, 1.8
some_customcells.genblk1\[36\].name_of_cell, 5.52, 46.24, 1.8
FILLER_13_293, 144.44, 46.24, 1.8
PHY_25, 144.44, 46.24, 1.8
PHY_27, 144.44, 46.24, 1.8
some_customcells.genblk1\[38\].name_of_cell, 26.786, 46.24, 1.8
FILLER_12_58, 36.453, 46.24, 1.8
FILLER_13_57, 36.453, 46.24, 1.8
some_customcells.genblk1\[44\].name_of_cell, 36.453, 46.24, 1.8
some_customcells.genblk1\[46\].name_of_cell, 36.453, 46.24, 1.8
FILLER_13_113, 55.786, 46.24, 1.8
FILLER_14_114, 55.786, 46.24, 1.8
some_customcells.genblk1\[61\].name_of_cell, 55.786, 46.24, 1.8
some_customcells.genblk1\[60\].name_of_cell, 65.453, 46.24, 1.8
some_customcells.genblk1\[68\].name_of_cell, 84.786, 46.24, 1.8
FILLER_12_189, 94.453, 46.24, 1.8
FILLER_13_191, 94.453, 46.24, 1.8
some_customcells.genblk1\[70\].name_of_cell, 94.453, 46.24, 1.8
some_customcells.genblk1\[71\].name_of_cell, 94.453, 46.24, 1.8
FILLER_14_243, 113.786, 46.24, 1.8
some_customcells.genblk1\[78\].name_of_cell, 113.786, 46.24, 1.8
FILLER_13_247, 123.453, 46.24, 1.8
some_customcells.genblk1\[85\].name_of_cell, 123.453, 46.24, 1.8
some_customcells.genblk1\[87\].name_of_cell, 123.453, 46.24, 1.8
FILLER_11_3, 5.52, 40.8, 1.8
FILLER_12_3, 5.52, 40.8, 1.8
PHY_20, 5.52, 40.8, 1.8
PHY_22, 5.52, 40.8, 1.8
some_customcells.genblk1\[29\].name_of_cell, 5.52, 40.8, 1.8
some_customcells.genblk1\[31\].name_of_cell, 5.52, 40.8, 1.8
FILLER_10_290, 144.44, 40.8, 1.8
FILLER_11_293, 144.44, 40.8, 1.8
PHY_21, 144.44, 40.8, 1.8
PHY_23, 144.44, 40.8, 1.8
FILLER_11_52, 26.786, 40.8, 1.8
FILLER_11_57, 36.453, 40.8, 1.8
some_customcells.genblk1\[42\].name_of_cell, 36.453, 40.8, 1.8
FILLER_11_108, 55.786, 40.8, 1.8
FILLER_12_114, 55.786, 40.8, 1.8
some_customcells.genblk1\[54\].name_of_cell, 55.786, 40.8, 1.8
some_customcells.genblk1\[57\].name_of_cell, 55.786, 40.8, 1.8
FILLER_11_135, 65.453, 40.8, 1.8
FILLER_11_181, 84.786, 40.8, 1.8
FILLER_10_189, 94.453, 40.8, 1.8
some_customcells.genblk1\[73\].name_of_cell, 94.453, 40.8, 1.8
some_customcells.genblk1\[75\].name_of_cell, 94.453, 40.8, 1.8
FILLER_10_226, 113.786, 40.8, 1.8
FILLER_12_243, 113.786, 40.8, 1.8
some_customcells.genblk1\[101\].name_of_cell, 113.786, 40.8, 1.8
some_customcells.genblk1\[82\].name_of_cell, 113.786, 40.8, 1.8
FILLER_10_253, 123.453, 40.8, 1.8
FILLER_11_247, 123.453, 40.8, 1.8
some_customcells.genblk1\[89\].name_of_cell, 123.453, 40.8, 1.8
PHY_16, 5.52, 35.36, 1.8
PHY_18, 5.52, 35.36, 1.8
some_customcells.genblk1\[26\].name_of_cell, 5.52, 35.36, 1.8
some_customcells.genblk1\[28\].name_of_cell, 5.52, 35.36, 1.8
FILLER_9_293, 144.44, 35.36, 1.8
PHY_17, 144.44, 35.36, 1.8
PHY_19, 144.44, 35.36, 1.8
FILLER_10_51, 26.786, 35.36, 1.8
FILLER_9_49, 26.786, 35.36, 1.8
some_customcells.genblk1\[19\].name_of_cell, 26.786, 35.36, 1.8
FILLER_10_75, 36.453, 35.36, 1.8
some_customcells.genblk1\[25\].name_of_cell, 36.453, 35.36, 1.8
FILLER_9_103, 55.786, 35.36, 1.8
FILLER_10_133, 65.453, 35.36, 1.8
FILLER_10_197, 94.453, 35.36, 1.8
FILLER_8_189, 94.453, 35.36, 1.8
FILLER_9_193, 94.453, 35.36, 1.8
some_customcells.genblk1\[117\].name_of_cell, 94.453, 35.36, 1.8
FILLER_9_225, 113.786, 35.36, 1.8
some_customcells.genblk1\[103\].name_of_cell, 113.786, 35.36, 1.8
some_customcells.genblk1\[109\].name_of_cell, 113.786, 35.36, 1.8
FILLER_9_254, 123.453, 35.36, 1.8
some_customcells.genblk1\[91\].name_of_cell, 123.453, 35.36, 1.8
some_customcells.genblk1\[95\].name_of_cell, 123.453, 35.36, 1.8
PHY_12, 5.52, 29.92, 1.8
PHY_14, 5.52, 29.92, 1.8
some_customcells.genblk1\[2\].name_of_cell, 5.52, 29.92, 1.8
some_customcells.genblk1\[6\].name_of_cell, 5.52, 29.92, 1.8
FILLER_7_293, 144.44, 29.92, 1.8
PHY_13, 144.44, 29.92, 1.8
PHY_15, 144.44, 29.92, 1.8
FILLER_7_49, 26.786, 29.92, 1.8
FILLER_8_75, 36.453, 29.92, 1.8
FILLER_7_105, 55.786, 29.92, 1.8
FILLER_8_133, 65.453, 29.92, 1.8
FILLER_6_189, 94.453, 29.92, 1.8
FILLER_7_225, 113.786, 29.92, 1.8
some_customcells.genblk1\[111\].name_of_cell, 113.786, 29.92, 1.8
some_customcells.genblk1\[121\].name_of_cell, 113.786, 29.92, 1.8
FILLER_7_254, 123.453, 29.92, 1.8
some_customcells.genblk1\[100\].name_of_cell, 123.453, 29.92, 1.8
PHY_10, 5.52, 24.48, 1.8
PHY_8, 5.52, 24.48, 1.8
some_customcells.genblk1\[10\].name_of_cell, 5.52, 24.48, 1.8
some_customcells.genblk1\[15\].name_of_cell, 5.52, 24.48, 1.8
FILLER_5_293, 144.44, 24.48, 1.8
PHY_11, 144.44, 24.48, 1.8
PHY_9, 144.44, 24.48, 1.8
FILLER_5_49, 26.786, 24.48, 1.8
FILLER_6_75, 36.453, 24.48, 1.8
FILLER_5_105, 55.786, 24.48, 1.8
FILLER_6_133, 65.453, 24.48, 1.8
FILLER_4_189, 94.453, 24.48, 1.8
FILLER_5_225, 113.786, 24.48, 1.8
some_customcells.genblk1\[123\].name_of_cell, 113.786, 24.48, 1.8
FILLER_5_254, 123.453, 24.48, 1.8
some_customcells.genblk1\[107\].name_of_cell, 123.453, 24.48, 1.8
PHY_4, 5.52, 19.04, 1.8
PHY_6, 5.52, 19.04, 1.8
some_customcells.genblk1\[21\].name_of_cell, 5.52, 19.04, 1.8
FILLER_3_293, 144.44, 19.04, 1.8
PHY_5, 144.44, 19.04, 1.8
PHY_7, 144.44, 19.04, 1.8
FILLER_3_51, 26.786, 19.04, 1.8
FILLER_4_77, 36.453, 19.04, 1.8
FILLER_3_105, 55.786, 19.04, 1.8
FILLER_4_133, 65.453, 19.04, 1.8
FILLER_2_189, 94.453, 19.04, 1.8
FILLER_4_245, 113.786, 19.04, 1.8
FILLER_3_249, 123.453, 19.04, 1.8
some_customcells.genblk1\[119\].name_of_cell, 123.453, 19.04, 1.8
PHY_0, 5.52, 13.6, 1.8
PHY_2, 5.52, 13.6, 1.8
FILLER_0_293, 144.44, 13.6, 1.8
FILLER_1_293, 144.44, 13.6, 1.8
PHY_1, 144.44, 13.6, 1.8
PHY_3, 144.44, 13.6, 1.8
FILLER_0_53, 26.786, 13.6, 1.8
FILLER_1_51, 26.786, 13.6, 1.8
FILLER_2_77, 36.453, 13.6, 1.8
FILLER_0_109, 55.786, 13.6, 1.8
FILLER_1_105, 55.786, 13.6, 1.8
FILLER_0_137, 65.453, 13.6, 1.8
FILLER_2_133, 65.453, 13.6, 1.8
FILLER_0_165, 84.786, 13.6, 1.8
FILLER_0_193, 94.453, 13.6, 1.8
FILLER_2_245, 113.786, 13.6, 1.8
FILLER_0_249, 123.453, 13.6, 1.8

