First Layout: /foss/designs/SKY130_Playground/openlane/customcells/runs/germknedl/results/signoff/customcells.gds
Second Layout: /foss/designs/SKY130_Playground/openlane/customcells/runs/germknedl/results/signoff/customcells.klayout.gds
Design Name: customcells
Output GDS will be: /foss/designs/SKY130_Playground/openlane/customcells/runs/germknedl/reports/signoff/customcells.xor.xml
Reading /foss/designs/SKY130_Playground/openlane/customcells/runs/germknedl/results/signoff/customcells.gds ..
Reading /foss/designs/SKY130_Playground/openlane/customcells/runs/germknedl/results/signoff/customcells.klayout.gds ..
--- Running XOR for 122/16 ---
"input" in: xor.drc:38
    Polygons (raw): 923 (flat)  9 (hierarchical)
    Elapsed: 0.010s  Memory: 385.00M
"input" in: xor.drc:38
    Polygons (raw): 923 (flat)  9 (hierarchical)
    Elapsed: 0.000s  Memory: 385.00M
"^" in: xor.drc:38
    Polygons (raw): 0 (flat)  0 (hierarchical)
    Elapsed: 0.020s  Memory: 385.00M
XOR differences: 0
"output" in: xor.drc:40
    Polygons (raw): 0 (flat)  0 (hierarchical)
    Elapsed: 0.020s  Memory: 385.00M
--- Running XOR for 235/4 ---
"input" in: xor.drc:38
    Polygons (raw): 124 (flat)  2 (hierarchical)
    Elapsed: 0.000s  Memory: 385.00M
"input" in: xor.drc:38
    Polygons (raw): 124 (flat)  2 (hierarchical)
    Elapsed: 0.010s  Memory: 385.00M
"^" in: xor.drc:38
    Polygons (raw): 0 (flat)  0 (hierarchical)
    Elapsed: 0.010s  Memory: 385.00M
XOR differences: 0
"output" in: xor.drc:40
    Polygons (raw): 0 (flat)  0 (hierarchical)
    Elapsed: 0.000s  Memory: 385.00M
--- Running XOR for 236/0 ---
"input" in: xor.drc:38
    Polygons (raw): 670 (flat)  6 (hierarchical)
    Elapsed: 0.010s  Memory: 385.00M
"input" in: xor.drc:38
    Polygons (raw): 670 (flat)  6 (hierarchical)
    Elapsed: 0.000s  Memory: 385.00M
"^" in: xor.drc:38
    Polygons (raw): 0 (flat)  0 (hierarchical)
    Elapsed: 0.000s  Memory: 385.00M
XOR differences: 0
"output" in: xor.drc:40
    Polygons (raw): 0 (flat)  0 (hierarchical)
    Elapsed: 0.010s  Memory: 385.00M
--- Running XOR for 64/16 ---
"input" in: xor.drc:38
    Polygons (raw): 923 (flat)  9 (hierarchical)
    Elapsed: 0.000s  Memory: 385.00M
"input" in: xor.drc:38
    Polygons (raw): 923 (flat)  9 (hierarchical)
    Elapsed: 0.010s  Memory: 385.00M
"^" in: xor.drc:38
    Polygons (raw): 0 (flat)  0 (hierarchical)
    Elapsed: 0.030s  Memory: 385.00M
XOR differences: 0
"output" in: xor.drc:40
    Polygons (raw): 0 (flat)  0 (hierarchical)
    Elapsed: 0.000s  Memory: 385.00M
--- Running XOR for 64/20 ---
"input" in: xor.drc:38
    Polygons (raw): 1073 (flat)  10 (hierarchical)
    Elapsed: 0.000s  Memory: 385.00M
"input" in: xor.drc:38
    Polygons (raw): 1073 (flat)  10 (hierarchical)
    Elapsed: 0.000s  Memory: 385.00M
"^" in: xor.drc:38
    Polygons (raw): 0 (flat)  0 (hierarchical)
    Elapsed: 0.030s  Memory: 385.00M
XOR differences: 0
"output" in: xor.drc:40
    Polygons (raw): 0 (flat)  0 (hierarchical)
    Elapsed: 0.000s  Memory: 385.00M
--- Running XOR for 64/5 ---
"input" in: xor.drc:38
    Polygons (raw): 0 (flat)  0 (hierarchical)
    Elapsed: 0.020s  Memory: 385.00M
"input" in: xor.drc:38
    Polygons (raw): 0 (flat)  0 (hierarchical)
    Elapsed: 0.010s  Memory: 385.00M
"^" in: xor.drc:38
    Polygons (raw): 0 (flat)  0 (hierarchical)
    Elapsed: 0.020s  Memory: 385.00M
XOR differences: 0
"output" in: xor.drc:40
    Polygons (raw): 0 (flat)  0 (hierarchical)
    Elapsed: 0.000s  Memory: 385.00M
--- Running XOR for 64/59 ---
"input" in: xor.drc:38
    Polygons (raw): 0 (flat)  0 (hierarchical)
    Elapsed: 0.010s  Memory: 385.00M
"input" in: xor.drc:38
    Polygons (raw): 0 (flat)  0 (hierarchical)
    Elapsed: 0.000s  Memory: 385.00M
"^" in: xor.drc:38
    Polygons (raw): 0 (flat)  0 (hierarchical)
    Elapsed: 0.010s  Memory: 385.00M
XOR differences: 0
"output" in: xor.drc:40
    Polygons (raw): 0 (flat)  0 (hierarchical)
    Elapsed: 0.000s  Memory: 385.00M
--- Running XOR for 65/20 ---
"input" in: xor.drc:38
    Polygons (raw): 1586 (flat)  14 (hierarchical)
    Elapsed: 0.000s  Memory: 385.00M
"input" in: xor.drc:38
    Polygons (raw): 1586 (flat)  14 (hierarchical)
    Elapsed: 0.000s  Memory: 385.00M
"^" in: xor.drc:38
    Polygons (raw): 0 (flat)  0 (hierarchical)
    Elapsed: 0.020s  Memory: 385.00M
XOR differences: 0
"output" in: xor.drc:40
    Polygons (raw): 0 (flat)  0 (hierarchical)
    Elapsed: 0.000s  Memory: 385.00M
--- Running XOR for 65/44 ---
"input" in: xor.drc:38
    Polygons (raw): 300 (flat)  2 (hierarchical)
    Elapsed: 0.000s  Memory: 385.00M
"input" in: xor.drc:38
    Polygons (raw): 300 (flat)  2 (hierarchical)
    Elapsed: 0.010s  Memory: 385.00M
"^" in: xor.drc:38
    Polygons (raw): 0 (flat)  0 (hierarchical)
    Elapsed: 0.000s  Memory: 385.00M
XOR differences: 0
"output" in: xor.drc:40
    Polygons (raw): 0 (flat)  0 (hierarchical)
    Elapsed: 0.010s  Memory: 385.00M
--- Running XOR for 66/20 ---
"input" in: xor.drc:38
    Polygons (raw): 1954 (flat)  16 (hierarchical)
    Elapsed: 0.000s  Memory: 385.00M
"input" in: xor.drc:38
    Polygons (raw): 1954 (flat)  16 (hierarchical)
    Elapsed: 0.010s  Memory: 385.00M
"^" in: xor.drc:38
    Polygons (raw): 0 (flat)  0 (hierarchical)
    Elapsed: 0.020s  Memory: 385.00M
XOR differences: 0
"output" in: xor.drc:40
    Polygons (raw): 0 (flat)  0 (hierarchical)
    Elapsed: 0.000s  Memory: 385.00M
--- Running XOR for 66/44 ---
"input" in: xor.drc:38
    Polygons (raw): 6214 (flat)  69 (hierarchical)
    Elapsed: 0.010s  Memory: 385.00M
"input" in: xor.drc:38
    Polygons (raw): 6214 (flat)  69 (hierarchical)
    Elapsed: 0.000s  Memory: 385.00M
"^" in: xor.drc:38
    Polygons (raw): 0 (flat)  0 (hierarchical)
    Elapsed: 0.040s  Memory: 385.00M
XOR differences: 0
"output" in: xor.drc:40
    Polygons (raw): 0 (flat)  0 (hierarchical)
    Elapsed: 0.000s  Memory: 385.00M
--- Running XOR for 67/16 ---
"input" in: xor.drc:38
    Polygons (raw): 127 (flat)  5 (hierarchical)
    Elapsed: 0.010s  Memory: 385.00M
"input" in: xor.drc:38
    Polygons (raw): 127 (flat)  5 (hierarchical)
    Elapsed: 0.000s  Memory: 385.00M
"^" in: xor.drc:38
    Polygons (raw): 0 (flat)  0 (hierarchical)
    Elapsed: 0.010s  Memory: 385.00M
XOR differences: 0
"output" in: xor.drc:40
    Polygons (raw): 0 (flat)  0 (hierarchical)
    Elapsed: 0.000s  Memory: 385.00M
--- Running XOR for 67/20 ---
"input" in: xor.drc:38
    Polygons (raw): 9738 (flat)  322 (hierarchical)
    Elapsed: 0.000s  Memory: 385.00M
"input" in: xor.drc:38
    Polygons (raw): 9738 (flat)  75 (hierarchical)
    Elapsed: 0.000s  Memory: 385.00M
"^" in: xor.drc:38
    Polygons (raw): 0 (flat)  0 (hierarchical)
    Elapsed: 0.080s  Memory: 386.00M
XOR differences: 0
"output" in: xor.drc:40
    Polygons (raw): 0 (flat)  0 (hierarchical)
    Elapsed: 0.000s  Memory: 386.00M
--- Running XOR for 67/44 ---
"input" in: xor.drc:38
    Polygons (raw): 17775 (flat)  373 (hierarchical)
    Elapsed: 0.010s  Memory: 386.00M
"input" in: xor.drc:38
    Polygons (raw): 17775 (flat)  126 (hierarchical)
    Elapsed: 0.000s  Memory: 386.00M
"^" in: xor.drc:38
    Polygons (raw): 0 (flat)  0 (hierarchical)
    Elapsed: 0.100s  Memory: 386.00M
XOR differences: 0
"output" in: xor.drc:40
    Polygons (raw): 0 (flat)  0 (hierarchical)
    Elapsed: 0.000s  Memory: 386.00M
--- Running XOR for 67/5 ---
"input" in: xor.drc:38
    Polygons (raw): 0 (flat)  0 (hierarchical)
    Elapsed: 0.000s  Memory: 386.00M
"input" in: xor.drc:38
    Polygons (raw): 0 (flat)  0 (hierarchical)
    Elapsed: 0.010s  Memory: 386.00M
"^" in: xor.drc:38
    Polygons (raw): 0 (flat)  0 (hierarchical)
    Elapsed: 0.000s  Memory: 386.00M
XOR differences: 0
"output" in: xor.drc:40
    Polygons (raw): 0 (flat)  0 (hierarchical)
    Elapsed: 0.010s  Memory: 386.00M
--- Running XOR for 68/16 ---
"input" in: xor.drc:38
    Polygons (raw): 2515 (flat)  23 (hierarchical)
    Elapsed: 0.000s  Memory: 386.00M
"input" in: xor.drc:38
    Polygons (raw): 2515 (flat)  23 (hierarchical)
    Elapsed: 0.020s  Memory: 386.00M
"^" in: xor.drc:38
    Polygons (raw): 0 (flat)  0 (hierarchical)
    Elapsed: 0.030s  Memory: 386.00M
XOR differences: 0
"output" in: xor.drc:40
    Polygons (raw): 0 (flat)  0 (hierarchical)
    Elapsed: 0.000s  Memory: 386.00M
--- Running XOR for 68/20 ---
"input" in: xor.drc:38
    Polygons (raw): 3854 (flat)  1118 (hierarchical)
    Elapsed: 0.010s  Memory: 386.00M
"input" in: xor.drc:38
    Polygons (raw): 3712 (flat)  328 (hierarchical)
    Elapsed: 0.000s  Memory: 386.00M
"^" in: xor.drc:38
    Polygons (raw): 0 (flat)  0 (hierarchical)
    Elapsed: 0.040s  Memory: 387.00M
XOR differences: 0
"output" in: xor.drc:40
    Polygons (raw): 0 (flat)  0 (hierarchical)
    Elapsed: 0.010s  Memory: 387.00M
--- Running XOR for 68/44 ---
"input" in: xor.drc:38
    Polygons (raw): 983 (flat)  983 (hierarchical)
    Elapsed: 0.000s  Memory: 387.00M
"input" in: xor.drc:38
    Polygons (raw): 983 (flat)  6 (hierarchical)
    Elapsed: 0.010s  Memory: 387.00M
"^" in: xor.drc:38
    Polygons (raw): 0 (flat)  0 (hierarchical)
    Elapsed: 0.000s  Memory: 387.00M
XOR differences: 0
"output" in: xor.drc:40
    Polygons (raw): 0 (flat)  0 (hierarchical)
    Elapsed: 0.000s  Memory: 387.00M
--- Running XOR for 68/5 ---
"input" in: xor.drc:38
    Polygons (raw): 0 (flat)  0 (hierarchical)
    Elapsed: 0.000s  Memory: 387.00M
"input" in: xor.drc:38
    Polygons (raw): 0 (flat)  0 (hierarchical)
    Elapsed: 0.010s  Memory: 387.00M
"^" in: xor.drc:38
    Polygons (raw): 0 (flat)  0 (hierarchical)
    Elapsed: 0.000s  Memory: 387.00M
XOR differences: 0
"output" in: xor.drc:40
    Polygons (raw): 0 (flat)  0 (hierarchical)
    Elapsed: 0.010s  Memory: 387.00M
--- Running XOR for 69/20 ---
"input" in: xor.drc:38
    Polygons (raw): 580 (flat)  580 (hierarchical)
    Elapsed: 0.000s  Memory: 387.00M
"input" in: xor.drc:38
    Polygons (raw): 873 (flat)  309 (hierarchical)
    Elapsed: 0.020s  Memory: 387.00M
"^" in: xor.drc:38
    Polygons (raw): 0 (flat)  0 (hierarchical)
    Elapsed: 0.010s  Memory: 387.00M
XOR differences: 0
"output" in: xor.drc:40
    Polygons (raw): 0 (flat)  0 (hierarchical)
    Elapsed: 0.010s  Memory: 387.00M
--- Running XOR for 69/44 ---
"input" in: xor.drc:38
    Polygons (raw): 600 (flat)  600 (hierarchical)
    Elapsed: 0.000s  Memory: 387.00M
"input" in: xor.drc:38
    Polygons (raw): 600 (flat)  5 (hierarchical)
    Elapsed: 0.000s  Memory: 387.00M
"^" in: xor.drc:38
    Polygons (raw): 0 (flat)  0 (hierarchical)
    Elapsed: 0.010s  Memory: 387.00M
XOR differences: 0
"output" in: xor.drc:40
    Polygons (raw): 0 (flat)  0 (hierarchical)
    Elapsed: 0.000s  Memory: 387.00M
--- Running XOR for 70/16 ---
"input" in: xor.drc:38
    Polygons (raw): 2 (flat)  2 (hierarchical)
    Elapsed: 0.010s  Memory: 387.00M
"input" in: xor.drc:38
    Polygons (raw): 2 (flat)  2 (hierarchical)
    Elapsed: 0.000s  Memory: 387.00M
"^" in: xor.drc:38
    Polygons (raw): 0 (flat)  0 (hierarchical)
    Elapsed: 0.010s  Memory: 387.00M
XOR differences: 0
"output" in: xor.drc:40
    Polygons (raw): 0 (flat)  0 (hierarchical)
    Elapsed: 0.000s  Memory: 387.00M
--- Running XOR for 70/20 ---
"input" in: xor.drc:38
    Polygons (raw): 225 (flat)  225 (hierarchical)
    Elapsed: 0.000s  Memory: 387.00M
"input" in: xor.drc:38
    Polygons (raw): 484 (flat)  168 (hierarchical)
    Elapsed: 0.010s  Memory: 387.00M
"^" in: xor.drc:38
    Polygons (raw): 2 (flat)  2 (hierarchical)
    Elapsed: 0.000s  Memory: 387.00M
XOR differences: 2
"output" in: xor.drc:40
    Polygons (raw): 2 (flat)  2 (hierarchical)
    Elapsed: 0.000s  Memory: 387.00M
--- Running XOR for 70/44 ---
"input" in: xor.drc:38
    Polygons (raw): 590 (flat)  590 (hierarchical)
    Elapsed: 0.000s  Memory: 387.00M
"input" in: xor.drc:38
    Polygons (raw): 590 (flat)  5 (hierarchical)
    Elapsed: 0.000s  Memory: 387.00M
"^" in: xor.drc:38
    Polygons (raw): 0 (flat)  0 (hierarchical)
    Elapsed: 0.010s  Memory: 387.00M
XOR differences: 0
"output" in: xor.drc:40
    Polygons (raw): 0 (flat)  0 (hierarchical)
    Elapsed: 0.000s  Memory: 387.00M
--- Running XOR for 70/5 ---
"input" in: xor.drc:38
    Polygons (raw): 0 (flat)  0 (hierarchical)
    Elapsed: 0.010s  Memory: 387.00M
"input" in: xor.drc:38
    Polygons (raw): 0 (flat)  0 (hierarchical)
    Elapsed: 0.000s  Memory: 387.00M
"^" in: xor.drc:38
    Polygons (raw): 0 (flat)  0 (hierarchical)
    Elapsed: 0.000s  Memory: 387.00M
XOR differences: 0
"output" in: xor.drc:40
    Polygons (raw): 0 (flat)  0 (hierarchical)
    Elapsed: 0.010s  Memory: 387.00M
--- Running XOR for 71/16 ---
"input" in: xor.drc:38
    Polygons (raw): 10 (flat)  10 (hierarchical)
    Elapsed: 0.000s  Memory: 387.00M
"input" in: xor.drc:38
    Polygons (raw): 10 (flat)  10 (hierarchical)
    Elapsed: 0.000s  Memory: 387.00M
"^" in: xor.drc:38
    Polygons (raw): 0 (flat)  0 (hierarchical)
    Elapsed: 0.000s  Memory: 387.00M
XOR differences: 0
"output" in: xor.drc:40
    Polygons (raw): 0 (flat)  0 (hierarchical)
    Elapsed: 0.000s  Memory: 387.00M
--- Running XOR for 71/20 ---
"input" in: xor.drc:38
    Polygons (raw): 25 (flat)  25 (hierarchical)
    Elapsed: 0.010s  Memory: 387.00M
"input" in: xor.drc:38
    Polygons (raw): 170 (flat)  17 (hierarchical)
    Elapsed: 0.000s  Memory: 387.00M
"^" in: xor.drc:38
    Polygons (raw): 0 (flat)  0 (hierarchical)
    Elapsed: 0.010s  Memory: 387.00M
XOR differences: 0
"output" in: xor.drc:40
    Polygons (raw): 0 (flat)  0 (hierarchical)
    Elapsed: 0.000s  Memory: 387.00M
--- Running XOR for 71/5 ---
"input" in: xor.drc:38
    Polygons (raw): 0 (flat)  0 (hierarchical)
    Elapsed: 0.000s  Memory: 387.00M
"input" in: xor.drc:38
    Polygons (raw): 0 (flat)  0 (hierarchical)
    Elapsed: 0.010s  Memory: 387.00M
"^" in: xor.drc:38
    Polygons (raw): 0 (flat)  0 (hierarchical)
    Elapsed: 0.000s  Memory: 387.00M
XOR differences: 0
"output" in: xor.drc:40
    Polygons (raw): 0 (flat)  0 (hierarchical)
    Elapsed: 0.000s  Memory: 387.00M
--- Running XOR for 78/44 ---
"input" in: xor.drc:38
    Polygons (raw): 950 (flat)  9 (hierarchical)
    Elapsed: 0.010s  Memory: 387.00M
"input" in: xor.drc:38
    Polygons (raw): 950 (flat)  9 (hierarchical)
    Elapsed: 0.000s  Memory: 387.00M
"^" in: xor.drc:38
    Polygons (raw): 0 (flat)  0 (hierarchical)
    Elapsed: 0.010s  Memory: 387.00M
XOR differences: 0
"output" in: xor.drc:40
    Polygons (raw): 0 (flat)  0 (hierarchical)
    Elapsed: 0.000s  Memory: 387.00M
--- Running XOR for 81/4 ---
"input" in: xor.drc:38
    Polygons (raw): 950 (flat)  9 (hierarchical)
    Elapsed: 0.000s  Memory: 387.00M
"input" in: xor.drc:38
    Polygons (raw): 950 (flat)  9 (hierarchical)
    Elapsed: 0.000s  Memory: 387.00M
"^" in: xor.drc:38
    Polygons (raw): 0 (flat)  0 (hierarchical)
    Elapsed: 0.010s  Memory: 387.00M
XOR differences: 0
"output" in: xor.drc:40
    Polygons (raw): 0 (flat)  0 (hierarchical)
    Elapsed: 0.010s  Memory: 387.00M
--- Running XOR for 83/44 ---
"input" in: xor.drc:38
    Polygons (raw): 0 (flat)  0 (hierarchical)
    Elapsed: 0.000s  Memory: 387.00M
"input" in: xor.drc:38
    Polygons (raw): 0 (flat)  0 (hierarchical)
    Elapsed: 0.000s  Memory: 387.00M
"^" in: xor.drc:38
    Polygons (raw): 0 (flat)  0 (hierarchical)
    Elapsed: 0.010s  Memory: 387.00M
XOR differences: 0
"output" in: xor.drc:40
    Polygons (raw): 0 (flat)  0 (hierarchical)
    Elapsed: 0.000s  Memory: 387.00M
--- Running XOR for 93/44 ---
"input" in: xor.drc:38
    Polygons (raw): 1223 (flat)  11 (hierarchical)
    Elapsed: 0.000s  Memory: 387.00M
"input" in: xor.drc:38
    Polygons (raw): 1223 (flat)  11 (hierarchical)
    Elapsed: 0.010s  Memory: 387.00M
"^" in: xor.drc:38
    Polygons (raw): 0 (flat)  0 (hierarchical)
    Elapsed: 0.010s  Memory: 387.00M
XOR differences: 0
"output" in: xor.drc:40
    Polygons (raw): 0 (flat)  0 (hierarchical)
    Elapsed: 0.000s  Memory: 387.00M
--- Running XOR for 94/20 ---
"input" in: xor.drc:38
    Polygons (raw): 1223 (flat)  11 (hierarchical)
    Elapsed: 0.010s  Memory: 387.00M
"input" in: xor.drc:38
    Polygons (raw): 1223 (flat)  11 (hierarchical)
    Elapsed: 0.000s  Memory: 387.00M
"^" in: xor.drc:38
    Polygons (raw): 0 (flat)  0 (hierarchical)
    Elapsed: 0.020s  Memory: 387.00M
XOR differences: 0
"output" in: xor.drc:40
    Polygons (raw): 0 (flat)  0 (hierarchical)
    Elapsed: 0.000s  Memory: 387.00M
--- Running XOR for 95/20 ---
"input" in: xor.drc:38
    Polygons (raw): 916 (flat)  8 (hierarchical)
    Elapsed: 0.000s  Memory: 387.00M
"input" in: xor.drc:38
    Polygons (raw): 916 (flat)  8 (hierarchical)
    Elapsed: 0.010s  Memory: 387.00M
"^" in: xor.drc:38
    Polygons (raw): 0 (flat)  0 (hierarchical)
    Elapsed: 0.010s  Memory: 387.00M
XOR differences: 0
"output" in: xor.drc:40
    Polygons (raw): 0 (flat)  0 (hierarchical)
    Elapsed: 0.000s  Memory: 387.00M
Writing report database: /foss/designs/SKY130_Playground/openlane/customcells/runs/germknedl/reports/signoff/customcells.xor.xml ..
Total elapsed: 1.050s  Memory: 387.00M
