Netgen 1.5.227 compiled on Fri Sep  9 15:58:33 UTC 2022
Warning: netgen command 'format' use fully-qualified name '::netgen::format'
Warning: netgen command 'global' use fully-qualified name '::netgen::global'
Generating JSON file result
Reading netlist file /foss/designs/SKY130-RTL-with-Custom-Standardcell-to-GDSII/openlane/customcells/runs/germknedl/results/signoff/customcells.spice
Reading netlist file /foss/designs/SKY130-RTL-with-Custom-Standardcell-to-GDSII/openlane/customcells/runs/germknedl/tmp/signoff/30-powered_netlist.v
Warning:  A case-insensitive file has been read and so the	verilog file must be treated case-insensitive to match.
Creating placeholder cell definition for module sky130_fd_sc_hd__decap_3.
Creating placeholder cell definition for module sky130_ef_sc_hd__decap_12.
Creating placeholder cell definition for module sky130_fd_sc_hd__fill_1.
Creating placeholder cell definition for module sky130_fd_sc_hd__decap_6.
Creating placeholder cell definition for module sky130_fd_sc_hd__decap_8.
Creating placeholder cell definition for module sky130_fd_sc_hd__decap_4.
Creating placeholder cell definition for module sky130_fd_sc_hd__fill_2.
Creating placeholder cell definition for module sky130_fd_sc_hd__tapvpwrvgnd_1.
Creating placeholder cell definition for module sky130_fd_sc_hd__inv_2.
Creating placeholder cell definition for module sky130_customcell.
Reading setup file /foss/pdk/sky130A/libs.tech/netgen/sky130A_setup.tcl
Comparison output logged to file /foss/designs/SKY130-RTL-with-Custom-Standardcell-to-GDSII/openlane/customcells/runs/germknedl/logs/signoff/33-customcells.lef.log
Logging to file "/foss/designs/SKY130-RTL-with-Custom-Standardcell-to-GDSII/openlane/customcells/runs/germknedl/logs/signoff/33-customcells.lef.log" enabled
Circuit sky130_fd_sc_hd__tapvpwrvgnd_1 contains no devices.
Circuit sky130_ef_sc_hd__decap_12 contains no devices.
Circuit sky130_fd_sc_hd__decap_6 contains no devices.
Circuit sky130_fd_sc_hd__fill_2 contains no devices.
Circuit sky130_customcell contains no devices.
Circuit sky130_fd_sc_hd__fill_1 contains no devices.
Circuit sky130_fd_sc_hd__decap_8 contains no devices.
Circuit sky130_fd_sc_hd__decap_4 contains no devices.
Circuit sky130_fd_sc_hd__decap_3 contains no devices.
Circuit sky130_fd_sc_hd__inv_2 contains no devices.

Contents of circuit 1:  Circuit: 'customcells'
Circuit customcells contains 1089 device instances.
  Class: sky130_ef_sc_hd__decap_12 instances: 351
  Class: sky130_fd_sc_hd__inv_2 instances:   1
  Class: sky130_fd_sc_hd__decap_3 instances:  92
  Class: sky130_fd_sc_hd__decap_4 instances:  47
  Class: sky130_fd_sc_hd__decap_6 instances:  84
  Class: sky130_fd_sc_hd__decap_8 instances:  50
  Class: sky130_customcell     instances: 123
  Class: sky130_fd_sc_hd__tapvpwrvgnd_1 instances: 150
  Class: sky130_fd_sc_hd__fill_1 instances: 119
  Class: sky130_fd_sc_hd__fill_2 instances:  72
Circuit contains 127 nets.
Contents of circuit 2:  Circuit: 'customcells'
Circuit customcells contains 1089 device instances.
  Class: sky130_ef_sc_hd__decap_12 instances: 351
  Class: sky130_fd_sc_hd__inv_2 instances:   1
  Class: sky130_fd_sc_hd__decap_3 instances:  92
  Class: sky130_fd_sc_hd__decap_4 instances:  47
  Class: sky130_fd_sc_hd__decap_6 instances:  84
  Class: sky130_fd_sc_hd__decap_8 instances:  50
  Class: sky130_customcell     instances: 123
  Class: sky130_fd_sc_hd__tapvpwrvgnd_1 instances: 150
  Class: sky130_fd_sc_hd__fill_1 instances: 119
  Class: sky130_fd_sc_hd__fill_2 instances:  72
Circuit contains 127 nets.

Circuit was modified by parallel/series device merging.
New circuit summary:

Contents of circuit 1:  Circuit: 'customcells'
Circuit customcells contains 132 device instances.
  Class: sky130_ef_sc_hd__decap_12 instances:   1
  Class: sky130_fd_sc_hd__inv_2 instances:   1
  Class: sky130_fd_sc_hd__decap_3 instances:   1
  Class: sky130_fd_sc_hd__decap_4 instances:   1
  Class: sky130_fd_sc_hd__decap_6 instances:   1
  Class: sky130_fd_sc_hd__decap_8 instances:   1
  Class: sky130_customcell     instances: 123
  Class: sky130_fd_sc_hd__tapvpwrvgnd_1 instances:   1
  Class: sky130_fd_sc_hd__fill_1 instances:   1
  Class: sky130_fd_sc_hd__fill_2 instances:   1
Circuit contains 127 nets.
Contents of circuit 2:  Circuit: 'customcells'
Circuit customcells contains 132 device instances.
  Class: sky130_ef_sc_hd__decap_12 instances:   1
  Class: sky130_fd_sc_hd__inv_2 instances:   1
  Class: sky130_fd_sc_hd__decap_3 instances:   1
  Class: sky130_fd_sc_hd__decap_4 instances:   1
  Class: sky130_fd_sc_hd__decap_6 instances:   1
  Class: sky130_fd_sc_hd__decap_8 instances:   1
  Class: sky130_customcell     instances: 123
  Class: sky130_fd_sc_hd__tapvpwrvgnd_1 instances:   1
  Class: sky130_fd_sc_hd__fill_1 instances:   1
  Class: sky130_fd_sc_hd__fill_2 instances:   1
Circuit contains 127 nets.

Circuit 1 contains 132 devices, Circuit 2 contains 132 devices.
Circuit 1 contains 127 nets,    Circuit 2 contains 127 nets.

Netlists match uniquely.
Result: Circuits match uniquely.
Logging to file "/foss/designs/SKY130-RTL-with-Custom-Standardcell-to-GDSII/openlane/customcells/runs/germknedl/logs/signoff/33-customcells.lef.log" disabled
LVS Done.
